# JRE version: OpenJDK Runtime Environment Temurin-17.0.13+11 (17.0.13+11) (build 17.0.13+11)
# Java VM: OpenJDK 64-Bit Server VM Temurin-17.0.13+11 (17.0.13+11, mixed mode, tiered, compressed oops, compressed class ptrs, parallel gc, windows-amd64)
GC Precious Log:
 CPUs: 8 total, 8 available
 Memory: 7834M
 Large Page Support: Disabled
 NUMA Support: Disabled
 Compressed Oops: Enabled (32-bit)
 Alignments: Space 512K, Generation 512K, Heap 2M
 Heap Min Capacity: 100M
 Heap Initial Capacity: 100M
 Heap Max Capacity: 1G
 Pre-touch: Disabled
 Parallel Workers: 8
Heap:
 PSYoungGen      total 3584K, used 3563K [0x00000000eab00000, 0x00000000eb100000, 0x0000000100000000)
  eden space 3072K, 100% used [0x00000000eab00000,0x00000000eae00000,0x00000000eae00000)
  from space 512K, 95% used [0x00000000eaf80000,0x00000000eaffae10,0x00000000eb000000)
  to   space 1536K, 99% used [0x00000000eae00000,0x00000000eaf7d780,0x00000000eaf80000)
 ParOldGen       total 275968K, used 236106K [0x00000000c0000000, 0x00000000d0d80000, 0x00000000eab00000)
  object space 275968K, 85% used [0x00000000c0000000,0x00000000ce6948a8,0x00000000d0d80000)
 Metaspace       used 88757K, committed 90304K, reserved 1179648K
  class space    used 9249K, committed 9984K, reserved 1048576K
GC Heap History (20 events):
Event: 602.675 GC heap before
{Heap before GC invocations=1012 (full 20):
 PSYoungGen      total 3584K, used 3552K [0x00000000eab00000, 0x00000000eb000000, 0x0000000100000000)
  eden space 3072K, 100% used [0x00000000eab00000,0x00000000eae00000,0x00000000eae00000)
  from space 512K, 93% used [0x00000000eaf80000,0x00000000eaff8000,0x00000000eb000000)
  to   space 1024K, 0% used [0x00000000eae00000,0x00000000eae00000,0x00000000eaf00000)
 ParOldGen       total 279552K, used 275864K [0x00000000c0000000, 0x00000000d1100000, 0x00000000eab00000)
  object space 279552K, 98% used [0x00000000c0000000,0x00000000d0d661a0,0x00000000d1100000)
 Metaspace       used 88650K, committed 90176K, reserved 1179648K
  class space    used 9233K, committed 9984K, reserved 1048576K
}
Event: 602.676 GC heap after
{Heap after GC invocations=1012 (full 20):
 PSYoungGen      total 4096K, used 512K [0x00000000eab00000, 0x00000000eb000000, 0x0000000100000000)
  eden space 3072K, 0% used [0x00000000eab00000,0x00000000eab00000,0x00000000eae00000)
  from space 1024K, 50% used [0x00000000eae00000,0x00000000eae80000,0x00000000eaf00000)
  to   space 1024K, 0% used [0x00000000eaf00000,0x00000000eaf00000,0x00000000eb000000)
 ParOldGen       total 279552K, used 276242K [0x00000000c0000000, 0x00000000d1100000, 0x00000000eab00000)
  object space 279552K, 98% used [0x00000000c0000000,0x00000000d0dc4ad8,0x00000000d1100000)
 Metaspace       used 88650K, committed 90176K, reserved 1179648K
  class space    used 9233K, committed 9984K, reserved 1048576K
}
Event: 602.685 GC heap before
{Heap before GC invocations=1013 (full 20):
 PSYoungGen      total 4096K, used 3584K [0x00000000eab00000, 0x00000000eb000000, 0x0000000100000000)
  eden space 3072K, 100% used [0x00000000eab00000,0x00000000eae00000,0x00000000eae00000)
  from space 1024K, 50% used [0x00000000eae00000,0x00000000eae80000,0x00000000eaf00000)
  to   space 1024K, 0% used [0x00000000eaf00000,0x00000000eaf00000,0x00000000eb000000)
 ParOldGen       total 279552K, used 276242K [0x00000000c0000000, 0x00000000d1100000, 0x00000000eab00000)
  object space 279552K, 98% used [0x00000000c0000000,0x00000000d0dc4ad8,0x00000000d1100000)
 Metaspace       used 88650K, committed 90176K, reserved 1179648K
  class space    used 9233K, committed 9984K, reserved 1048576K
}
Event: 602.687 GC heap after
{Heap after GC invocations=1013 (full 20):
 PSYoungGen      total 4096K, used 608K [0x00000000eab00000, 0x00000000eb000000, 0x0000000100000000)
  eden space 3072K, 0% used [0x00000000eab00000,0x00000000eab00000,0x00000000eae00000)
  from space 1024K, 59% used [0x00000000eaf00000,0x00000000eaf98000,0x00000000eb000000)
  to   space 1024K, 0% used [0x00000000eae00000,0x00000000eae00000,0x00000000eaf00000)
 ParOldGen       total 279552K, used 276686K [0x00000000c0000000, 0x00000000d1100000, 0x00000000eab00000)
  object space 279552K, 98% used [0x00000000c0000000,0x00000000d0e33b08,0x00000000d1100000)
 Metaspace       used 88650K, committed 90176K, reserved 1179648K
  class space    used 9233K, committed 9984K, reserved 1048576K
}
Event: 602.696 GC heap before
{Heap before GC invocations=1014 (full 20):
 PSYoungGen      total 4096K, used 3680K [0x00000000eab00000, 0x00000000eb000000, 0x0000000100000000)
  eden space 3072K, 100% used [0x00000000eab00000,0x00000000eae00000,0x00000000eae00000)
  from space 1024K, 59% used [0x00000000eaf00000,0x00000000eaf98000,0x00000000eb000000)
  to   space 1024K, 0% used [0x00000000eae00000,0x00000000eae00000,0x00000000eaf00000)
 ParOldGen       total 279552K, used 276686K [0x00000000c0000000, 0x00000000d1100000, 0x00000000eab00000)
  object space 279552K, 98% used [0x00000000c0000000,0x00000000d0e33b08,0x00000000d1100000)
 Metaspace       used 88656K, committed 90240K, reserved 1179648K
  class space    used 9233K, committed 9984K, reserved 1048576K
}
Event: 602.698 GC heap after
{Heap after GC invocations=1014 (full 20):
 PSYoungGen      total 4096K, used 512K [0x00000000eab00000, 0x00000000eb000000, 0x0000000100000000)
  eden space 3072K, 0% used [0x00000000eab00000,0x00000000eab00000,0x00000000eae00000)
  from space 1024K, 50% used [0x00000000eae00000,0x00000000eae80000,0x00000000eaf00000)
  to   space 1024K, 0% used [0x00000000eaf00000,0x00000000eaf00000,0x00000000eb000000)
 ParOldGen       total 279552K, used 277174K [0x00000000c0000000, 0x00000000d1100000, 0x00000000eab00000)
  object space 279552K, 99% used [0x00000000c0000000,0x00000000d0eadb18,0x00000000d1100000)
 Metaspace       used 88656K, committed 90240K, reserved 1179648K
  class space    used 9233K, committed 9984K, reserved 1048576K
}
Event: 603.872 GC heap before
{Heap before GC invocations=1015 (full 20):
 PSYoungGen      total 4096K, used 3583K [0x00000000eab00000, 0x00000000eb000000, 0x0000000100000000)
  eden space 3072K, 99% used [0x00000000eab00000,0x00000000eadffdb8,0x00000000eae00000)
  from space 1024K, 50% used [0x00000000eae00000,0x00000000eae80000,0x00000000eaf00000)
  to   space 1024K, 0% used [0x00000000eaf00000,0x00000000eaf00000,0x00000000eb000000)
 ParOldGen       total 279552K, used 277174K [0x00000000c0000000, 0x00000000d1100000, 0x00000000eab00000)
  object space 279552K, 99% used [0x00000000c0000000,0x00000000d0eadb18,0x00000000d1100000)
 Metaspace       used 88667K, committed 90240K, reserved 1179648K
  class space    used 9234K, committed 9984K, reserved 1048576K
}
Event: 603.877 GC heap after
{Heap after GC invocations=1015 (full 20):
 PSYoungGen      total 3584K, used 384K [0x00000000eab00000, 0x00000000eaf80000, 0x0000000100000000)
  eden space 3072K, 0% used [0x00000000eab00000,0x00000000eab00000,0x00000000eae00000)
  from space 512K, 75% used [0x00000000eaf00000,0x00000000eaf60020,0x00000000eaf80000)
  to   space 512K, 0% used [0x00000000eae80000,0x00000000eae80000,0x00000000eaf00000)
 ParOldGen       total 279552K, used 277616K [0x00000000c0000000, 0x00000000d1100000, 0x00000000eab00000)
  object space 279552K, 99% used [0x00000000c0000000,0x00000000d0f1c2c8,0x00000000d1100000)
 Metaspace       used 88667K, committed 90240K, reserved 1179648K
  class space    used 9234K, committed 9984K, reserved 1048576K
}
Event: 603.884 GC heap before
{Heap before GC invocations=1016 (full 20):
 PSYoungGen      total 3584K, used 3456K [0x00000000eab00000, 0x00000000eaf80000, 0x0000000100000000)
  eden space 3072K, 100% used [0x00000000eab00000,0x00000000eae00000,0x00000000eae00000)
  from space 512K, 75% used [0x00000000eaf00000,0x00000000eaf60020,0x00000000eaf80000)
  to   space 512K, 0% used [0x00000000eae80000,0x00000000eae80000,0x00000000eaf00000)
 ParOldGen       total 279552K, used 277616K [0x00000000c0000000, 0x00000000d1100000, 0x00000000eab00000)
  object space 279552K, 99% used [0x00000000c0000000,0x00000000d0f1c2c8,0x00000000d1100000)
 Metaspace       used 88668K, committed 90240K, reserved 1179648K
  class space    used 9234K, committed 9984K, reserved 1048576K
}
Event: 603.886 GC heap after
{Heap after GC invocations=1016 (full 20):
 PSYoungGen      total 3584K, used 509K [0x00000000eab00000, 0x00000000eb200000, 0x0000000100000000)
  eden space 3072K, 0% used [0x00000000eab00000,0x00000000eab00000,0x00000000eae00000)
  from space 512K, 99% used [0x00000000eae80000,0x00000000eaeff7a8,0x00000000eaf00000)
  to   space 2048K, 0% used [0x00000000eb000000,0x00000000eb000000,0x00000000eb200000)
 ParOldGen       total 279552K, used 278541K [0x00000000c0000000, 0x00000000d1100000, 0x00000000eab00000)
  object space 279552K, 99% used [0x00000000c0000000,0x00000000d10037a8,0x00000000d1100000)
 Metaspace       used 88668K, committed 90240K, reserved 1179648K
  class space    used 9234K, committed 9984K, reserved 1048576K
}
Event: 603.894 GC heap before
{Heap before GC invocations=1017 (full 20):
 PSYoungGen      total 3584K, used 3581K [0x00000000eab00000, 0x00000000eb200000, 0x0000000100000000)
  eden space 3072K, 100% used [0x00000000eab00000,0x00000000eae00000,0x00000000eae00000)
  from space 512K, 99% used [0x00000000eae80000,0x00000000eaeff7a8,0x00000000eaf00000)
  to   space 2048K, 0% used [0x00000000eb000000,0x00000000eb000000,0x00000000eb200000)
 ParOldGen       total 279552K, used 278541K [0x00000000c0000000, 0x00000000d1100000, 0x00000000eab00000)
  object space 279552K, 99% used [0x00000000c0000000,0x00000000d10037a8,0x00000000d1100000)
 Metaspace       used 88668K, committed 90240K, reserved 1179648K
  class space    used 9234K, committed 9984K, reserved 1048576K
}
Event: 603.895 GC heap after
{Heap after GC invocations=1017 (full 20):
 PSYoungGen      total 3584K, used 352K [0x00000000eab00000, 0x00000000eb080000, 0x0000000100000000)
  eden space 3072K, 0% used [0x00000000eab00000,0x00000000eab00000,0x00000000eae00000)
  from space 512K, 68% used [0x00000000eb000000,0x00000000eb058000,0x00000000eb080000)
  to   space 1024K, 0% used [0x00000000eae80000,0x00000000eae80000,0x00000000eaf80000)
 ParOldGen       total 279552K, used 279058K [0x00000000c0000000, 0x00000000d1100000, 0x00000000eab00000)
  object space 279552K, 99% used [0x00000000c0000000,0x00000000d10848b8,0x00000000d1100000)
 Metaspace       used 88668K, committed 90240K, reserved 1179648K
  class space    used 9234K, committed 9984K, reserved 1048576K
}
Event: 603.908 GC heap before
{Heap before GC invocations=1018 (full 21):
 PSYoungGen      total 3584K, used 3424K [0x00000000eab00000, 0x00000000eb080000, 0x0000000100000000)
  eden space 3072K, 100% used [0x00000000eab00000,0x00000000eae00000,0x00000000eae00000)
  from space 512K, 68% used [0x00000000eb000000,0x00000000eb058000,0x00000000eb080000)
  to   space 1024K, 0% used [0x00000000eae80000,0x00000000eae80000,0x00000000eaf80000)
 ParOldGen       total 279552K, used 279058K [0x00000000c0000000, 0x00000000d1100000, 0x00000000eab00000)
  object space 279552K, 99% used [0x00000000c0000000,0x00000000d10848b8,0x00000000d1100000)
 Metaspace       used 88668K, committed 90240K, reserved 1179648K
  class space    used 9234K, committed 9984K, reserved 1048576K
}
Event: 604.007 GC heap after
{Heap after GC invocations=1018 (full 21):
 PSYoungGen      total 4096K, used 0K [0x00000000eab00000, 0x00000000eb080000, 0x0000000100000000)
  eden space 3072K, 0% used [0x00000000eab00000,0x00000000eab00000,0x00000000eae00000)
  from space 1024K, 0% used [0x00000000eae80000,0x00000000eae80000,0x00000000eaf80000)
  to   space 1024K, 0% used [0x00000000eaf80000,0x00000000eaf80000,0x00000000eb080000)
 ParOldGen       total 275968K, used 234540K [0x00000000c0000000, 0x00000000d0d80000, 0x00000000eab00000)
  object space 275968K, 84% used [0x00000000c0000000,0x00000000ce50b0c8,0x00000000d0d80000)
 Metaspace       used 88668K, committed 90240K, reserved 1179648K
  class space    used 9234K, committed 9984K, reserved 1048576K
}
Event: 604.015 GC heap before
{Heap before GC invocations=1019 (full 21):
 PSYoungGen      total 4096K, used 3071K [0x00000000eab00000, 0x00000000eb080000, 0x0000000100000000)
  eden space 3072K, 99% used [0x00000000eab00000,0x00000000eadffff8,0x00000000eae00000)
  from space 1024K, 0% used [0x00000000eae80000,0x00000000eae80000,0x00000000eaf80000)
  to   space 1024K, 0% used [0x00000000eaf80000,0x00000000eaf80000,0x00000000eb080000)
 ParOldGen       total 275968K, used 234540K [0x00000000c0000000, 0x00000000d0d80000, 0x00000000eab00000)
  object space 275968K, 84% used [0x00000000c0000000,0x00000000ce50b0c8,0x00000000d0d80000)
 Metaspace       used 88671K, committed 90240K, reserved 1179648K
  class space    used 9234K, committed 9984K, reserved 1048576K
}
Event: 604.016 GC heap after
{Heap after GC invocations=1019 (full 21):
 PSYoungGen      total 3584K, used 448K [0x00000000eab00000, 0x00000000eb000000, 0x0000000100000000)
  eden space 3072K, 0% used [0x00000000eab00000,0x00000000eab00000,0x00000000eae00000)
  from space 512K, 87% used [0x00000000eaf80000,0x00000000eaff0000,0x00000000eb000000)
  to   space 512K, 0% used [0x00000000eaf00000,0x00000000eaf00000,0x00000000eaf80000)
 ParOldGen       total 275968K, used 234540K [0x00000000c0000000, 0x00000000d0d80000, 0x00000000eab00000)
  object space 275968K, 84% used [0x00000000c0000000,0x00000000ce50b0c8,0x00000000d0d80000)
 Metaspace       used 88671K, committed 90240K, reserved 1179648K
  class space    used 9234K, committed 9984K, reserved 1048576K
}
Event: 604.033 GC heap before
{Heap before GC invocations=1020 (full 21):
 PSYoungGen      total 3584K, used 3520K [0x00000000eab00000, 0x00000000eb000000, 0x0000000100000000)
  eden space 3072K, 100% used [0x00000000eab00000,0x00000000eae00000,0x00000000eae00000)
  from space 512K, 87% used [0x00000000eaf80000,0x00000000eaff0000,0x00000000eb000000)
  to   space 512K, 0% used [0x00000000eaf00000,0x00000000eaf00000,0x00000000eaf80000)
 ParOldGen       total 275968K, used 234540K [0x00000000c0000000, 0x00000000d0d80000, 0x00000000eab00000)
  object space 275968K, 84% used [0x00000000c0000000,0x00000000ce50b0c8,0x00000000d0d80000)
 Metaspace       used 88673K, committed 90240K, reserved 1179648K
  class space    used 9234K, committed 9984K, reserved 1048576K
}
Event: 604.036 GC heap after
{Heap after GC invocations=1020 (full 21):
 PSYoungGen      total 3584K, used 512K [0x00000000eab00000, 0x00000000eb000000, 0x0000000100000000)
  eden space 3072K, 0% used [0x00000000eab00000,0x00000000eab00000,0x00000000eae00000)
  from space 512K, 100% used [0x00000000eaf00000,0x00000000eaf80000,0x00000000eaf80000)
  to   space 512K, 0% used [0x00000000eaf80000,0x00000000eaf80000,0x00000000eb000000)
 ParOldGen       total 275968K, used 234860K [0x00000000c0000000, 0x00000000d0d80000, 0x00000000eab00000)
  object space 275968K, 85% used [0x00000000c0000000,0x00000000ce55b0d8,0x00000000d0d80000)
 Metaspace       used 88673K, committed 90240K, reserved 1179648K
  class space    used 9234K, committed 9984K, reserved 1048576K
}
Event: 604.714 GC heap before
{Heap before GC invocations=1021 (full 21):
 PSYoungGen      total 3584K, used 3534K [0x00000000eab00000, 0x00000000eb000000, 0x0000000100000000)
  eden space 3072K, 98% used [0x00000000eab00000,0x00000000eadf3968,0x00000000eae00000)
  from space 512K, 100% used [0x00000000eaf00000,0x00000000eaf80000,0x00000000eaf80000)
  to   space 512K, 0% used [0x00000000eaf80000,0x00000000eaf80000,0x00000000eb000000)
 ParOldGen       total 275968K, used 234860K [0x00000000c0000000, 0x00000000d0d80000, 0x00000000eab00000)
  object space 275968K, 85% used [0x00000000c0000000,0x00000000ce55b0d8,0x00000000d0d80000)
 Metaspace       used 88757K, committed 90304K, reserved 1179648K
  class space    used 9249K, committed 9984K, reserved 1048576K
}
Event: 604.715 GC heap after
{Heap after GC invocations=1021 (full 21):
 PSYoungGen      total 3584K, used 491K [0x00000000eab00000, 0x00000000eb100000, 0x0000000100000000)
  eden space 3072K, 0% used [0x00000000eab00000,0x00000000eab00000,0x00000000eae00000)
  from space 512K, 95% used [0x00000000eaf80000,0x00000000eaffae10,0x00000000eb000000)
  to   space 1536K, 0% used [0x00000000eae00000,0x00000000eae00000,0x00000000eaf80000)
 ParOldGen       total 275968K, used 235370K [0x00000000c0000000, 0x00000000d0d80000, 0x00000000eab00000)
  object space 275968K, 85% used [0x00000000c0000000,0x00000000ce5da898,0x00000000d0d80000)
 Metaspace       used 88757K, committed 90304K, reserved 1179648K
  class space    used 9249K, committed 9984K, reserved 1048576K
}

